Arguments: 
  C:\Program Files\nodejs\node.exe C:\Users\skods\AppData\Local\node\corepack\yarn\1.22.19\bin\yarn.js add @nestjs/common ampqlib

PATH: 
  C:\Users\skods\bin;C:\Program Files\Git\mingw64\bin;C:\Program Files\Git\usr\local\bin;C:\Program Files\Git\usr\bin;C:\Program Files\Git\usr\bin;C:\Program Files\Git\mingw64\bin;C:\Program Files\Git\usr\bin;C:\Users\skods\bin;C:\Program Files (x86)\Common Files\Intel\Shared Libraries\redist\intel64\compiler;C:\Program Files\Common Files\Oracle\Java\javapath;C:\WINDOWS\system32;C:\WINDOWS;C:\WINDOWS\System32\Wbem;C:\WINDOWS\System32\WindowsPowerShell\v1.0;C:\WINDOWS\System32\OpenSSH;C:\Program Files\Git\cmd;C:\Program Files\NVIDIA Corporation\NVIDIA NvDLISR;C:\Program Files (x86)\NVIDIA Corporation\PhysX\Common;C:\Program Files\nodejs;C:\ProgramData\chocolatey\bin;C:\Users\skods\AppData\Local\Programs\Python\Python311\Scripts;C:\Users\skods\AppData\Local\Programs\Python\Python311;C:\Program Files\Docker\Docker\resources\bin;C:\Program Files\MySQL\MySQL Server 8.0\bin;C:\Program Files\dotnet;C:\Program Files\PostgreSQL\15\bin;C:\Flutter\flutter\bin;C:\Program Files\Go\bin;C:\Program Files\Java\jdk-17\bin;C:\tools\apache-maven-3.9.4\bin;%CATALINA_HOME%\bin;C:\sqlite;C:\Program Files\Microsoft SQL Server\150\Tools\Binn;C:\Program Files\Microsoft SQL Server\Client SDK\ODBC\170\Tools\Binn;C:\Program Files\mongosh\bin;C:\nginx;C:\Program Files (x86)\Bitvise SSH Client;C:\Program Files\MySQL\MySQL Shell 8.0\bin;C:\Users\skods\AppData\Local\pnpm;C:\Users\skods\AppData\Local\Programs\Python\Python311\Scripts;C:\Users\skods\AppData\Local\Programs\Python\Python311;C:\Users\skods\AppData\Local\Microsoft\WindowsApps;C:\Users\skods\AppData\Local\Programs\Microsoft VS Code\bin;C:\Users\skods\AppData\Roaming\npm;C:\tools\dart-sdk\bin;C:\Users\skods\AppData\Roaming\Pub\Cache\bin;C:\Program Files\PostgreSQL\15\bin;C:\Flutter\flutter\bin;C:\Users\skods\go\bin;C:\Program Files\Java\jdk-17\bin;C:\Program Files\JetBrains\IntelliJ IDEA Community Edition 2023.1.3\bin;C:\sqlite;C:\Users\skods\.dotnet\tools;C:\Program Files\mongosh\bin;C:\Users\skods\AppData\Roaming\TinyTeX\bin\windows;C:\Program Files\Git\usr\bin\vendor_perl;C:\Program Files\Git\usr\bin\core_perl

Yarn version: 
  1.22.19

Node version: 
  18.16.0

Platform: 
  win32 x64

Trace: 
  Error: https://registry.yarnpkg.com/ampqlib: Not found
      at params.callback [as _callback] (C:\Users\skods\AppData\Local\node\corepack\yarn\1.22.19\lib\cli.js:66145:18)
      at self.callback (C:\Users\skods\AppData\Local\node\corepack\yarn\1.22.19\lib\cli.js:140890:22)
      at Request.emit (node:events:513:28)
      at Request.<anonymous> (C:\Users\skods\AppData\Local\node\corepack\yarn\1.22.19\lib\cli.js:141862:10)
      at Request.emit (node:events:513:28)
      at IncomingMessage.<anonymous> (C:\Users\skods\AppData\Local\node\corepack\yarn\1.22.19\lib\cli.js:141784:12)
      at Object.onceWrapper (node:events:627:28)
      at IncomingMessage.emit (node:events:525:35)
      at endReadableNT (node:internal/streams/readable:1359:12)
      at process.processTicksAndRejections (node:internal/process/task_queues:82:21)

npm manifest: 
  {
    "name": "streamline",
    "version": "1.0.0",
    "description": "erp",
    "main": "index.js",
    "repository": "https://github.com/Web-Woods/streamline-procurement.git",
    "author": "kodiidok <sahan.crkodituwakku@gmail.com>",
    "license": "MIT",
    "dependencies": {
      "@apollo/federation": "^0.38.1",
      "@apollo/subgraph": "^2.5.5",
      "@nestjs/microservices": "^10.2.6",
      "react-icon": "^1.0.0",
      "react-icons": "^4.11.0",
      "react-sf-building-blocks": "^1.0.87",
      "typescript": "^5.2.2"
    }
  }

yarn manifest: 
  No manifest

Lockfile: 
  # THIS IS AN AUTOGENERATED FILE. DO NOT EDIT THIS FILE DIRECTLY.
  # yarn lockfile v1
  
  
  "@apollo/cache-control-types@^1.0.2":
    version "1.0.3"
    resolved "https://registry.yarnpkg.com/@apollo/cache-control-types/-/cache-control-types-1.0.3.tgz#5da62cf64c3b4419dabfef4536b57a40c8ff0b47"
    integrity sha512-F17/vCp7QVwom9eG7ToauIKdAxpSoadsJnqIfyryLFSkLSOEqu+eC5Z3N8OXcUVStuOMcNHlyraRsA6rRICu4g==
  
  "@apollo/federation-internals@2.5.5":
    version "2.5.5"
    resolved "https://registry.yarnpkg.com/@apollo/federation-internals/-/federation-internals-2.5.5.tgz#4e70e602d87bdaceacdb2de75a85463988063b58"
    integrity sha512-6Ywx10Jweuoq9p913HwtIUuJt+uI+hAw5g/Tv/yIA04FNwdPETkLe6Jbz7mnXdGV0b30YcPME2NnKnIu7s/5AA==
    dependencies:
      "@types/uuid" "^9.0.0"
      chalk "^4.1.0"
      js-levenshtein "^1.1.6"
      uuid "^9.0.0"
  
  "@apollo/federation@^0.38.1":
    version "0.38.1"
    resolved "https://registry.yarnpkg.com/@apollo/federation/-/federation-0.38.1.tgz#0b8a9b4cbf5ebfa3106c20c47ec1f33cf92102a0"
    integrity sha512-miifyAEsFgiYKeM3lUHFH6+vKa2vm9dXKSyWVpX6oeJiPblFLe2/iByN3psZQO2sRdVqO1OKYrGXdgKc74XDKw==
    dependencies:
      "@apollo/subgraph" "^0.6.1"
      apollo-server-types "^3.0.2"
      lodash.xorby "^4.7.0"
  
  "@apollo/protobufjs@1.2.6":
    version "1.2.6"
    resolved "https://registry.yarnpkg.com/@apollo/protobufjs/-/protobufjs-1.2.6.tgz#d601e65211e06ae1432bf5993a1a0105f2862f27"
    integrity sha512-Wqo1oSHNUj/jxmsVp4iR3I480p6qdqHikn38lKrFhfzcDJ7lwd7Ck7cHRl4JE81tWNArl77xhnG/OkZhxKBYOw==
    dependencies:
      "@protobufjs/aspromise" "^1.1.2"
      "@protobufjs/base64" "^1.1.2"
      "@protobufjs/codegen" "^2.0.4"
      "@protobufjs/eventemitter" "^1.1.0"
      "@protobufjs/fetch" "^1.1.0"
      "@protobufjs/float" "^1.0.2"
      "@protobufjs/inquire" "^1.1.0"
      "@protobufjs/path" "^1.1.2"
      "@protobufjs/pool" "^1.1.0"
      "@protobufjs/utf8" "^1.1.0"
      "@types/long" "^4.0.0"
      "@types/node" "^10.1.0"
      long "^4.0.0"
  
  "@apollo/subgraph@^0.6.1":
    version "0.6.1"
    resolved "https://registry.yarnpkg.com/@apollo/subgraph/-/subgraph-0.6.1.tgz#18f496f496ecf42d0eb372ab1d2d457d30e5a76e"
    integrity sha512-w/6FoubSxuzXSx8uvLE1wEuHZVHRXFyfHPKdM76wX5U/xw82zlUKseVO7wTuVODTcnUzEA30udYeCApUoC3/Xw==
    dependencies:
      "@apollo/cache-control-types" "^1.0.2"
  
  "@apollo/subgraph@^2.5.5":
    version "2.5.5"
    resolved "https://registry.yarnpkg.com/@apollo/subgraph/-/subgraph-2.5.5.tgz#b7bb0363c0eafacd052a8453d9e0877d78a7977b"
    integrity sha512-r1r0qMzR6gHK6EoKFpIwcSNID+A78zbqLmCynMV+GYnWt3BvyydtPaw4DgQFo+oMSnEBvk4nI7P3v+xZg4FdSQ==
    dependencies:
      "@apollo/cache-control-types" "^1.0.2"
      "@apollo/federation-internals" "2.5.5"
  
  "@apollo/utils.keyvaluecache@^1.0.1":
    version "1.0.2"
    resolved "https://registry.yarnpkg.com/@apollo/utils.keyvaluecache/-/utils.keyvaluecache-1.0.2.tgz#2bfe358c4d82f3a0950518451996758c52613f57"
    integrity sha512-p7PVdLPMnPzmXSQVEsy27cYEjVON+SH/Wb7COyW3rQN8+wJgT1nv9jZouYtztWW8ZgTkii5T6tC9qfoDREd4mg==
    dependencies:
      "@apollo/utils.logger" "^1.0.0"
      lru-cache "7.10.1 - 7.13.1"
  
  "@apollo/utils.logger@^1.0.0":
    version "1.0.1"
    resolved "https://registry.yarnpkg.com/@apollo/utils.logger/-/utils.logger-1.0.1.tgz#aea0d1bb7ceb237f506c6bbf38f10a555b99a695"
    integrity sha512-XdlzoY7fYNK4OIcvMD2G94RoFZbzTQaNP0jozmqqMudmaGo2I/2Jx71xlDJ801mWA/mbYRihyaw6KJii7k5RVA==
  
  "@nestjs/microservices@^10.2.6":
    version "10.2.6"
    resolved "https://registry.yarnpkg.com/@nestjs/microservices/-/microservices-10.2.6.tgz#a29a755bf8ad342cb2fd7250cae4173eb679910c"
    integrity sha512-Ef5Tv0arRSXmMwzlOvXHZEoOS8QlftIrDVrLkpcR6x5Q3BaKrkGOKBet6w2JbssX4eEGt2nw4dy/TbzN9pQYFw==
    dependencies:
      iterare "1.2.1"
      tslib "2.6.2"
  
  "@protobufjs/aspromise@^1.1.1", "@protobufjs/aspromise@^1.1.2":
    version "1.1.2"
    resolved "https://registry.yarnpkg.com/@protobufjs/aspromise/-/aspromise-1.1.2.tgz#9b8b0cc663d669a7d8f6f5d0893a14d348f30fbf"
    integrity sha512-j+gKExEuLmKwvz3OgROXtrJ2UG2x8Ch2YZUxahh+s1F2HZ+wAceUNLkvy6zKCPVRkU++ZWQrdxsUeQXmcg4uoQ==
  
  "@protobufjs/base64@^1.1.2":
    version "1.1.2"
    resolved "https://registry.yarnpkg.com/@protobufjs/base64/-/base64-1.1.2.tgz#4c85730e59b9a1f1f349047dbf24296034bb2735"
    integrity sha512-AZkcAA5vnN/v4PDqKyMR5lx7hZttPDgClv83E//FMNhR2TMcLUhfRUBHCmSl0oi9zMgDDqRUJkSxO3wm85+XLg==
  
  "@protobufjs/codegen@^2.0.4":
    version "2.0.4"
    resolved "https://registry.yarnpkg.com/@protobufjs/codegen/-/codegen-2.0.4.tgz#7ef37f0d010fb028ad1ad59722e506d9262815cb"
    integrity sha512-YyFaikqM5sH0ziFZCN3xDC7zeGaB/d0IUb9CATugHWbd1FRFwWwt4ld4OYMPWu5a3Xe01mGAULCdqhMlPl29Jg==
  
  "@protobufjs/eventemitter@^1.1.0":
    version "1.1.0"
    resolved "https://registry.yarnpkg.com/@protobufjs/eventemitter/-/eventemitter-1.1.0.tgz#355cbc98bafad5978f9ed095f397621f1d066b70"
    integrity sha512-j9ednRT81vYJ9OfVuXG6ERSTdEL1xVsNgqpkxMsbIabzSo3goCjDIveeGv5d03om39ML71RdmrGNjG5SReBP/Q==
  
  "@protobufjs/fetch@^1.1.0":
    version "1.1.0"
    resolved "https://registry.yarnpkg.com/@protobufjs/fetch/-/fetch-1.1.0.tgz#ba99fb598614af65700c1619ff06d454b0d84c45"
    integrity sha512-lljVXpqXebpsijW71PZaCYeIcE5on1w5DlQy5WH6GLbFryLUrBD4932W/E2BSpfRJWseIL4v/KPgBFxDOIdKpQ==
    dependencies:
      "@protobufjs/aspromise" "^1.1.1"
      "@protobufjs/inquire" "^1.1.0"
  
  "@protobufjs/float@^1.0.2":
    version "1.0.2"
    resolved "https://registry.yarnpkg.com/@protobufjs/float/-/float-1.0.2.tgz#5e9e1abdcb73fc0a7cb8b291df78c8cbd97b87d1"
    integrity sha512-Ddb+kVXlXst9d+R9PfTIxh1EdNkgoRe5tOX6t01f1lYWOvJnSPDBlG241QLzcyPdoNTsblLUdujGSE4RzrTZGQ==
  
  "@protobufjs/inquire@^1.1.0":
    version "1.1.0"
    resolved "https://registry.yarnpkg.com/@protobufjs/inquire/-/inquire-1.1.0.tgz#ff200e3e7cf2429e2dcafc1140828e8cc638f089"
    integrity sha512-kdSefcPdruJiFMVSbn801t4vFK7KB/5gd2fYvrxhuJYg8ILrmn9SKSX2tZdV6V+ksulWqS7aXjBcRXl3wHoD9Q==
  
  "@protobufjs/path@^1.1.2":
    version "1.1.2"
    resolved "https://registry.yarnpkg.com/@protobufjs/path/-/path-1.1.2.tgz#6cc2b20c5c9ad6ad0dccfd21ca7673d8d7fbf68d"
    integrity sha512-6JOcJ5Tm08dOHAbdR3GrvP+yUUfkjG5ePsHYczMFLq3ZmMkAD98cDgcT2iA1lJ9NVwFd4tH/iSSoe44YWkltEA==
  
  "@protobufjs/pool@^1.1.0":
    version "1.1.0"
    resolved "https://registry.yarnpkg.com/@protobufjs/pool/-/pool-1.1.0.tgz#09fd15f2d6d3abfa9b65bc366506d6ad7846ff54"
    integrity sha512-0kELaGSIDBKvcgS4zkjz1PeddatrjYcmMWOlAuAPwAeccUrPHdUqo/J6LiymHHEiJT5NrF1UVwxY14f+fy4WQw==
  
  "@protobufjs/utf8@^1.1.0":
    version "1.1.0"
    resolved "https://registry.yarnpkg.com/@protobufjs/utf8/-/utf8-1.1.0.tgz#a777360b5b39a1a2e5106f8e858f2fd2d060c570"
    integrity sha512-Vvn3zZrhQZkkBE8LSuW3em98c0FwgO4nxzv6OdSxPKJIEKY2bGbHn+mhGIPerzI4twdxaP8/0+06HBpwf345Lw==
  
  "@types/long@^4.0.0":
    version "4.0.2"
    resolved "https://registry.yarnpkg.com/@types/long/-/long-4.0.2.tgz#b74129719fc8d11c01868010082d483b7545591a"
    integrity sha512-MqTGEo5bj5t157U6fA/BiDynNkn0YknVdh48CMPkTSpFTVmvao5UQmm7uEF6xBEo7qIMAlY/JSleYaE6VOdpaA==
  
  "@types/node@^10.1.0":
    version "10.17.60"
    resolved "https://registry.yarnpkg.com/@types/node/-/node-10.17.60.tgz#35f3d6213daed95da7f0f73e75bcc6980e90597b"
    integrity sha512-F0KIgDJfy2nA3zMLmWGKxcH2ZVEtCZXHHdOQs2gSaQ27+lNeEfGxzkIw90aXswATX7AZ33tahPbzy6KAfUreVw==
  
  "@types/uuid@^9.0.0":
    version "9.0.4"
    resolved "https://registry.yarnpkg.com/@types/uuid/-/uuid-9.0.4.tgz#e884a59338da907bda8d2ed03e01c5c49d036f1c"
    integrity sha512-zAuJWQflfx6dYJM62vna+Sn5aeSWhh3OB+wfUEACNcqUSc0AGc5JKl+ycL1vrH7frGTXhJchYjE1Hak8L819dA==
  
  ansi-styles@^4.1.0:
    version "4.3.0"
    resolved "https://registry.yarnpkg.com/ansi-styles/-/ansi-styles-4.3.0.tgz#edd803628ae71c04c85ae7a0906edad34b648937"
    integrity sha512-zbB9rCJAT1rbjiVDb2hqKFHNYLxgtk8NURxZ3IZwD3F6NtxbXZQCnnSi1Lkx+IDohdPlFp222wVALIheZJQSEg==
    dependencies:
      color-convert "^2.0.1"
  
  apollo-reporting-protobuf@^3.4.0:
    version "3.4.0"
    resolved "https://registry.yarnpkg.com/apollo-reporting-protobuf/-/apollo-reporting-protobuf-3.4.0.tgz#6edd31f09d4a3704d9e808d1db30eca2229ded26"
    integrity sha512-h0u3EbC/9RpihWOmcSsvTW2O6RXVaD/mPEjfrPkxRPTEPWqncsgOoRJw+wih4OqfH3PvTJvoEIf4LwKrUaqWog==
    dependencies:
      "@apollo/protobufjs" "1.2.6"
  
  apollo-server-env@^4.2.1:
    version "4.2.1"
    resolved "https://registry.yarnpkg.com/apollo-server-env/-/apollo-server-env-4.2.1.tgz#ea5b1944accdbdba311f179e4dfaeca482c20185"
    integrity sha512-vm/7c7ld+zFMxibzqZ7SSa5tBENc4B0uye9LTfjJwGoQFY5xsUPH5FpO5j0bMUDZ8YYNbrF9SNtzc5Cngcr90g==
    dependencies:
      node-fetch "^2.6.7"
  
  apollo-server-types@^3.0.2:
    version "3.8.0"
    resolved "https://registry.yarnpkg.com/apollo-server-types/-/apollo-server-types-3.8.0.tgz#d976b6967878681f715fe2b9e4dad9ba86b1346f"
    integrity sha512-ZI/8rTE4ww8BHktsVpb91Sdq7Cb71rdSkXELSwdSR0eXu600/sY+1UXhTWdiJvk+Eq5ljqoHLwLbY2+Clq2b9A==
    dependencies:
      "@apollo/utils.keyvaluecache" "^1.0.1"
      "@apollo/utils.logger" "^1.0.0"
      apollo-reporting-protobuf "^3.4.0"
      apollo-server-env "^4.2.1"
  
  chalk@^4.1.0:
    version "4.1.2"
    resolved "https://registry.yarnpkg.com/chalk/-/chalk-4.1.2.tgz#aac4e2b7734a740867aeb16bf02aad556a1e7a01"
    integrity sha512-oKnbhFyRIXpUuez8iBMmyEa4nbj4IOQyuhc/wy9kY7/WVPcwIO9VA668Pu8RkO7+0G76SLROeyw9CpQ061i4mA==
    dependencies:
      ansi-styles "^4.1.0"
      supports-color "^7.1.0"
  
  color-convert@^2.0.1:
    version "2.0.1"
    resolved "https://registry.yarnpkg.com/color-convert/-/color-convert-2.0.1.tgz#72d3a68d598c9bdb3af2ad1e84f21d896abd4de3"
    integrity sha512-RRECPsj7iu/xb5oKYcsFHSppFNnsj/52OVTRKb4zP5onXwVF3zVmmToNcOfGC+CRDpfK/U584fMg38ZHCaElKQ==
    dependencies:
      color-name "~1.1.4"
  
  color-name@~1.1.4:
    version "1.1.4"
    resolved "https://registry.yarnpkg.com/color-name/-/color-name-1.1.4.tgz#c2a09a87acbde69543de6f63fa3995c826c536a2"
    integrity sha512-dOy+3AuW3a2wNbZHIuMZpTcgjGuLU/uBL/ubcZF9OXbDo8ff4O8yVp5Bf0efS8uEoYo5q4Fx7dY9OgQGXgAsQA==
  
  has-flag@^4.0.0:
    version "4.0.0"
    resolved "https://registry.yarnpkg.com/has-flag/-/has-flag-4.0.0.tgz#944771fd9c81c81265c4d6941860da06bb59479b"
    integrity sha512-EykJT/Q1KjTWctppgIAgfSO0tKVuZUjhgMr17kqTumMl6Afv3EISleU7qZUzoXDFTAHTDC4NOoG/ZxU3EvlMPQ==
  
  iterare@1.2.1:
    version "1.2.1"
    resolved "https://registry.yarnpkg.com/iterare/-/iterare-1.2.1.tgz#139c400ff7363690e33abffa33cbba8920f00042"
    integrity sha512-RKYVTCjAnRthyJes037NX/IiqeidgN1xc3j1RjFfECFp28A1GVwK9nA+i0rJPaHqSZwygLzRnFlzUuHFoWWy+Q==
  
  js-levenshtein@^1.1.6:
    version "1.1.6"
    resolved "https://registry.yarnpkg.com/js-levenshtein/-/js-levenshtein-1.1.6.tgz#c6cee58eb3550372df8deb85fad5ce66ce01d59d"
    integrity sha512-X2BB11YZtrRqY4EnQcLX5Rh373zbK4alC1FW7D7MBhL2gtcC17cTnr6DmfHZeS0s2rTHjUTMMHfG7gO8SSdw+g==
  
  "js-tokens@^3.0.0 || ^4.0.0":
    version "4.0.0"
    resolved "https://registry.yarnpkg.com/js-tokens/-/js-tokens-4.0.0.tgz#19203fb59991df98e3a287050d4647cdeaf32499"
    integrity sha512-RdJUflcE3cUzKiMqQgsCu06FPu9UdIJO0beYbPhHN4k6apgJtifcoCtT9bcxOpYBtpD2kCM6Sbzg4CausW/PKQ==
  
  lodash.xorby@^4.7.0:
    version "4.7.0"
    resolved "https://registry.yarnpkg.com/lodash.xorby/-/lodash.xorby-4.7.0.tgz#9c19a6f9f063a6eb53dd03c1b6871799801463d7"
    integrity sha512-gYiD6nvuQy0AEkMoUju+t4f4Rn18fjsLB/7x7YZFqtFT9kmegRLrj/uGEQVyVDy7otTmSrIMXNOk2wwuLcfHCQ==
  
  long@^4.0.0:
    version "4.0.0"
    resolved "https://registry.yarnpkg.com/long/-/long-4.0.0.tgz#9a7b71cfb7d361a194ea555241c92f7468d5bf28"
    integrity sha512-XsP+KhQif4bjX1kbuSiySJFNAehNxgLb6hPRGJ9QsUr8ajHkuXGdrHmFUTUUXhDwVX2R5bY4JNZEwbUiMhV+MA==
  
  loose-envify@^1.4.0:
    version "1.4.0"
    resolved "https://registry.yarnpkg.com/loose-envify/-/loose-envify-1.4.0.tgz#71ee51fa7be4caec1a63839f7e682d8132d30caf"
    integrity sha512-lyuxPGr/Wfhrlem2CL/UcnUc1zcqKAImBDzukY7Y5F/yQiNdko6+fRLevlw1HgMySw7f611UIY408EtxRSoK3Q==
    dependencies:
      js-tokens "^3.0.0 || ^4.0.0"
  
  "lru-cache@7.10.1 - 7.13.1":
    version "7.13.1"
    resolved "https://registry.yarnpkg.com/lru-cache/-/lru-cache-7.13.1.tgz#267a81fbd0881327c46a81c5922606a2cfe336c4"
    integrity sha512-CHqbAq7NFlW3RSnoWXLJBxCWaZVBrfa9UEHId2M3AW8iEBurbqduNexEUCGc3SHc6iCYXNJCDi903LajSVAEPQ==
  
  node-fetch@^2.6.7:
    version "2.7.0"
    resolved "https://registry.yarnpkg.com/node-fetch/-/node-fetch-2.7.0.tgz#d0f0fa6e3e2dc1d27efcd8ad99d550bda94d187d"
    integrity sha512-c4FRfUm/dbcWZ7U+1Wq0AwCyFL+3nt2bEw05wfxSz+DWpWsitgmSgYmy2dQdWyKC1694ELPqMs/YzUSNozLt8A==
    dependencies:
      whatwg-url "^5.0.0"
  
  object-assign@^4.1.1:
    version "4.1.1"
    resolved "https://registry.yarnpkg.com/object-assign/-/object-assign-4.1.1.tgz#2109adc7965887cfc05cbbd442cac8bfbb360863"
    integrity sha512-rJgTQnkUnH1sFw8yT6VSU3zD3sWmu6sZhIseY8VX+GRu3P6F7Fu+JNDoXfklElbLJSnc3FUQHVe4cU5hj+BcUg==
  
  prop-types@^15.7.2:
    version "15.8.1"
    resolved "https://registry.yarnpkg.com/prop-types/-/prop-types-15.8.1.tgz#67d87bf1a694f48435cf332c24af10214a3140b5"
    integrity sha512-oj87CgZICdulUohogVAR7AjlC0327U4el4L6eAvOqCeudMDVU0NThNaV+b9Df4dXgSP1gXMTnPdhfe/2qDH5cg==
    dependencies:
      loose-envify "^1.4.0"
      object-assign "^4.1.1"
      react-is "^16.13.1"
  
  react-bootstrap-icons@^1.10.2:
    version "1.10.3"
    resolved "https://registry.yarnpkg.com/react-bootstrap-icons/-/react-bootstrap-icons-1.10.3.tgz#5d64a93c7b172856b03c7d3cd5119a025b094966"
    integrity sha512-j4hSby6gT9/enhl3ybB1tfr1slZNAYXDVntcRrmVjxB3//2WwqrzpESVqKhyayYVaWpEtnwf9wgUQ03cuziwrw==
    dependencies:
      prop-types "^15.7.2"
  
  react-icon@^1.0.0:
    version "1.0.0"
    resolved "https://registry.yarnpkg.com/react-icon/-/react-icon-1.0.0.tgz#6038598eb07fb3e64b3e7865d271f79f3559de0b"
    integrity sha512-VzSlpBHnLanVw79mOxyq98hWDi6DlxK9qPiZ1bAK6bLurMBCaxO/jjyYUrRx9+JGLc/NbnwOmyE/W5Qglbb2QA==
  
  react-icons@^4.11.0:
    version "4.11.0"
    resolved "https://registry.yarnpkg.com/react-icons/-/react-icons-4.11.0.tgz#4b0e31c9bfc919608095cc429c4f1846f4d66c65"
    integrity sha512-V+4khzYcE5EBk/BvcuYRq6V/osf11ODUM2J8hg2FDSswRrGvqiYUYPRy4OdrWaQOBj4NcpJfmHZLNaD+VH0TyA==
  
  react-is@^16.13.1:
    version "16.13.1"
    resolved "https://registry.yarnpkg.com/react-is/-/react-is-16.13.1.tgz#789729a4dc36de2999dc156dd6c1d9c18cea56a4"
    integrity sha512-24e6ynE2H+OKt4kqsOvNd8kBpV65zoxbA4BVsEOB3ARVWQki/DHzaUoC5KuON/BiccDaCCTZBuOcfZs70kR8bQ==
  
  react-sf-building-blocks@^1.0.87:
    version "1.0.87"
    resolved "https://registry.yarnpkg.com/react-sf-building-blocks/-/react-sf-building-blocks-1.0.87.tgz#e3f9acda26d3d6579567762a3b25cdf30e5f8f34"
    integrity sha512-eOCXYQq4d5CH/pJy5K5IKwGGM71lxVc6d1fiRt/BcaGRoJm2k62ZxpluhoPo2YtGwd7IEW6Cu0xEDquW60glxQ==
    dependencies:
      react-bootstrap-icons "^1.10.2"
      react-sf-themes "^1.0.23"
  
  react-sf-themes@^1.0.23:
    version "1.0.24"
    resolved "https://registry.yarnpkg.com/react-sf-themes/-/react-sf-themes-1.0.24.tgz#28d925ddb25a6312a29db29d88537eb406687ea6"
    integrity sha512-oVV+aw5ElRTrGp/XyyiApQp9RYDLzKp6bVqDigjdLEwD8qZc/WhCVDSOVgWopMHfA3sYYSikZ1gZSjaSIqT2ZQ==
  
  supports-color@^7.1.0:
    version "7.2.0"
    resolved "https://registry.yarnpkg.com/supports-color/-/supports-color-7.2.0.tgz#1b7dcdcb32b8138801b3e478ba6a51caa89648da"
    integrity sha512-qpCAvRl9stuOHveKsn7HncJRvv501qIacKzQlO/+Lwxc9+0q2wLyv4Dfvt80/DPn2pqOBsJdDiogXGR9+OvwRw==
    dependencies:
      has-flag "^4.0.0"
  
  tr46@~0.0.3:
    version "0.0.3"
    resolved "https://registry.yarnpkg.com/tr46/-/tr46-0.0.3.tgz#8184fd347dac9cdc185992f3a6622e14b9d9ab6a"
    integrity sha512-N3WMsuqV66lT30CrXNbEjx4GEwlow3v6rr4mCcv6prnfwhS01rkgyFdjPNBYd9br7LpXV1+Emh01fHnq2Gdgrw==
  
  tslib@2.6.2:
    version "2.6.2"
    resolved "https://registry.yarnpkg.com/tslib/-/tslib-2.6.2.tgz#703ac29425e7b37cd6fd456e92404d46d1f3e4ae"
    integrity sha512-AEYxH93jGFPn/a2iVAwW87VuUIkR1FVUKB77NwMF7nBTDkDrrT/Hpt/IrCJ0QXhW27jTBDcf5ZY7w6RiqTMw2Q==
  
  typescript@^5.2.2:
    version "5.2.2"
    resolved "https://registry.yarnpkg.com/typescript/-/typescript-5.2.2.tgz#5ebb5e5a5b75f085f22bc3f8460fba308310fa78"
    integrity sha512-mI4WrpHsbCIcwT9cF4FZvr80QUeKvsUsUvKDoR+X/7XHQH98xYD8YHZg7ANtz2GtZt/CBq2QJ0thkGJMHfqc1w==
  
  uuid@^9.0.0:
    version "9.0.1"
    resolved "https://registry.yarnpkg.com/uuid/-/uuid-9.0.1.tgz#e188d4c8853cc722220392c424cd637f32293f30"
    integrity sha512-b+1eJOlsR9K8HJpow9Ok3fiWOWSIcIzXodvv0rQjVoOVNpWMpxf1wZNpt4y9h10odCNrqnYp1OBzRktckBe3sA==
  
  webidl-conversions@^3.0.0:
    version "3.0.1"
    resolved "https://registry.yarnpkg.com/webidl-conversions/-/webidl-conversions-3.0.1.tgz#24534275e2a7bc6be7bc86611cc16ae0a5654871"
    integrity sha512-2JAn3z8AR6rjK8Sm8orRC0h/bcl/DqL7tRPdGZ4I1CjdF+EaMLmYxBHyXuKL849eucPFhvBoxMsflfOb8kxaeQ==
  
  whatwg-url@^5.0.0:
    version "5.0.0"
    resolved "https://registry.yarnpkg.com/whatwg-url/-/whatwg-url-5.0.0.tgz#966454e8765462e37644d3626f6742ce8b70965d"
    integrity sha512-saE57nupxk6v3HY35+jzBwYa0rKSy0XR8JSxZPwgLr7ys0IBzhGviA1/TUGJLmSVqs8pb9AnvICXEuOHLprYTw==
    dependencies:
      tr46 "~0.0.3"
      webidl-conversions "^3.0.0"
